Microsoft HTML Help Compiler 4.74.8702

Compiling e:\data\vertigo\src\misc\manhattan\hlp\manhattan.chm

html\background.gif
UserGuide\toc.htm
manhattan.hhc
manhattan.hhk
img\emoticon.gif
img\m_city.gif
img\m_city_s.gif
img\m_stats.gif
img\m_stats_s.gif
img\m_folder.gif
img\m_folder_s.gif
img\m_detail.gif
img\m_detail_s.gif
html\manhattan_header.js
html\manhattan_footer.js

Compile time: 0 minutes, 2 seconds
3	Topics
2	Local links
2	Internet links
9	Graphics


Created e:\data\vertigo\src\misc\manhattan\hlp\manhattan.chm, 575,671 bytes
Compression increased file by 7,241 bytes.
Microsoft HTML Help Compiler 4.74.8702

Compiling e:\data\vertigo\src\misc\manhattan\hlp\manhattan.chm

html\background.gif
UserGuide\toc.htm
html\manhattan_ie4.css
manhattan.hhc
manhattan.hhk
img\emoticon.gif
img\m_city.gif
img\m_city_s.gif
img\m_stats.gif
img\m_stats_s.gif
img\m_folder.gif
img\m_folder_s.gif
img\m_detail.gif
img\m_detail_s.gif
html\manhattan_header.js
html\manhattan_footer.js

Compile time: 0 minutes, 2 seconds
3	Topics
2	Local links
2	Internet links
9	Graphics


Created e:\data\vertigo\src\misc\manhattan\hlp\manhattan.chm, 576,817 bytes
Compression increased file by 6,574 bytes.
Microsoft HTML Help Compiler 4.74.8702

Compiling e:\data\vertigo\src\misc\manhattan\hlp\manhattan.chm

html\background.gif
UserGuide\toc.htm
html\manhattan_ie4.css
manhattan.hhc
manhattan.hhk
img\emoticon.gif
img\m_city.gif
img\m_city_s.gif
img\m_stats.gif
img\m_stats_s.gif
img\m_folder.gif
img\m_folder_s.gif
img\m_detail.gif
img\m_detail_s.gif
html\manhattan_header.js
html\manhattan_footer.js

Compile time: 0 minutes, 2 seconds
3	Topics
2	Local links
2	Internet links
9	Graphics


Created e:\data\vertigo\src\misc\manhattan\hlp\manhattan.chm, 576,765 bytes
Compression increased file by 6,682 bytes.
